2014-02-27 17:38:22: -- New Job: ANALYSIS started by GoodSync Start on 'DaniFoldi's MacBook Pro' (GoodSync 4.4.9.9)
2014-02-27 17:38:22: gdocs://www.googleapis.com/Elemential PHP apps Sync [DirectDest] [ansi] <-> ftp://elemential.host22.com/public_html/admin, WaitForLocksMinutes=20, ResolveConflicts=NewerFileWins
2014-02-27 17:38:33: L: Files: 13 (excluded 0). Folders: 0 (excluded 1). Google Drive, Free: 13.9 GB, Total: 15.0 GB
2014-02-27 17:38:36: R: Files: 13 (excluded 0). Folders: 0 (excluded 1). FTP: --------- Welcome to Pure-FTPd [privsep] ----------You are user number 37 of 500 allowed.Local time is now 11:38. Server port: 2 ...
2014-02-27 17:38:38: Changes: 0, Conflicts: 0, CopyTime: 0, CopyState: 0/0, Errors: 0
2014-02-27 17:38:38: -- Analysis Completed. Time 00:00:23, Speed: 0 files/s
2014-02-27 17:38:38: == New Job: SYNC started by GoodSync Start on 'DaniFoldi's MacBook Pro'
2014-02-27 17:38:38: gdocs://www.googleapis.com/Elemential PHP apps Sync [DirectDest] [ansi] <-> ftp://elemential.host22.com/public_html/admin, WaitForLocksMinutes=20, ResolveConflicts=NewerFileWins
2014-02-27 17:38:41: Save State File gdocs://www.googleapis.com/Elemential PHP apps Sync/_gsdata_/_file_state_v4._gs
2014-02-27 17:38:43: Save State File ftp://elemential.host22.com/public_html/admin/_gsdata_/_file_state_v4._gs
2014-02-27 17:38:46: Deleted Recycled: gdocs://www.googleapis.com/Elemential PHP apps Sync/_gsdata_/_saved_/elemential.php
2014-02-27 17:38:46: Deleted Recycled: gdocs://www.googleapis.com/Elemential PHP apps Sync/_gsdata_/_saved_/index.php
2014-02-27 17:38:55: Deleted Recycled: ftp://elemential.host22.com/public_html/admin/_gsdata_/_saved_/index.php
2014-02-27 17:38:55: Deleted Recycled: ftp://elemential.host22.com/public_html/admin/_gsdata_/_saved_/logout.php
2014-02-27 17:38:55: Deleted Recycled: ftp://elemential.host22.com/public_html/admin/_gsdata_/_saved_/sorry.php
2014-02-27 17:38:56: Deleted Recycled: ftp://elemential.host22.com/public_html/admin/_gsdata_/_saved_/.htaccess
2014-02-27 17:38:56: Deleted Recycled: ftp://elemential.host22.com/public_html/admin/_gsdata_/_saved_/ask.php
2014-02-27 17:38:58: Items Synced OK: 0, Errors: 0
2014-02-27 17:38:58: == Sync Completed. Time: 00:00:20, Speed: 3.3 KB/s
2014-02-27 17:39:01: 
